INFO Attempted to delete nonexistant employee with eId 85 Tue Apr 19 15:31:13 EDT 2022
INFO Attempted to delete nonexistant employee with eId 85 Tue Apr 19 15:31:48 EDT 2022
ERROR No value specified for parameter 1. Tue Apr 19 16:49:56 EDT 2022
ERROR No value specified for parameter 1. Tue Apr 19 16:51:42 EDT 2022
ERROR ResultSet not positioned properly, perhaps you need to call next. Tue Apr 19 17:50:11 EDT 2022
ERROR ResultSet not positioned properly, perhaps you need to call next. Tue Apr 19 17:53:23 EDT 2022
ERROR ResultSet not positioned properly, perhaps you need to call next. Tue Apr 19 17:57:49 EDT 2022
ERROR ResultSet not positioned properly, perhaps you need to call next. Tue Apr 19 18:01:52 EDT 2022
ERROR ResultSet not positioned properly, perhaps you need to call next. Tue Apr 19 21:01:35 EDT 2022
ERROR ResultSet not positioned properly, perhaps you need to call next. Tue Apr 19 21:01:38 EDT 2022
INFO The record 4 was updated Tue Apr 19 21:58:13 EDT 2022
INFO The record 3 was updated Tue Apr 19 21:58:50 EDT 2022
INFO The record 2 was updated Tue Apr 19 22:00:09 EDT 2022
ERROR ERROR: insert or update on table "expense_records" violates foreign key constraint "fk_employees"
  Detail: Key (eid)=(5) is not present in table "employees". Tue Apr 19 22:08:11 EDT 2022
INFO Attempted to delete nonexistant expense with recordno 5 Wed Apr 20 15:07:09 EDT 2022
INFO Attempted to delete nonexistant expense with recordno 5 Wed Apr 20 15:10:24 EDT 2022
INFO Attempted to delete nonexistant expense with recordno 5 Wed Apr 20 15:11:08 EDT 2022
INFO Attempted to delete nonexistant expense with recordno 5 Wed Apr 20 15:11:41 EDT 2022
INFO Attempted to delete nonexistant expense with recordno 7 Wed Apr 20 15:11:47 EDT 2022
INFO Attempted to delete nonexistant expense with recordno 1 Wed Apr 20 15:11:50 EDT 2022
INFO Attempted to delete nonexistant expense with recordno 3 Wed Apr 20 15:15:50 EDT 2022
INFO Attempted to delete nonexistant expense with recordno 2 Wed Apr 20 15:16:12 EDT 2022
INFO Attempted to delete nonexistant employee with eId 85 Wed Apr 20 15:18:00 EDT 2022
INFO Attempted to delete nonexistant employee with eId 2 Wed Apr 20 15:18:14 EDT 2022
INFO Attempted to delete nonexistant employee with eId 4 Wed Apr 20 15:18:34 EDT 2022
INFO Attempted to delete nonexistant employee with eId 4 Wed Apr 20 15:18:54 EDT 2022
INFO Attempted to delete nonexistant employee with eId 8 Wed Apr 20 15:19:03 EDT 2022
ERROR ERROR: insert or update on table "expense_records" violates foreign key constraint "fk_employees"
  Detail: Key (eid)=(0) is not present in table "employees". Thu Apr 21 10:01:29 EDT 2022
ERROR ERROR: insert or update on table "expense_records" violates foreign key constraint "fk_employees"
  Detail: Key (eid)=(0) is not present in table "employees". Thu Apr 21 10:02:19 EDT 2022
ERROR ERROR: insert or update on table "expense_records" violates foreign key constraint "fk_employees"
  Detail: Key (eid)=(0) is not present in table "employees". Thu Apr 21 10:02:28 EDT 2022
ERROR ERROR: insert or update on table "expense_records" violates foreign key constraint "fk_employees"
  Detail: Key (eid)=(0) is not present in table "employees". Thu Apr 21 10:02:45 EDT 2022
ERROR ERROR: insert or update on table "expense_records" violates foreign key constraint "fk_employees"
  Detail: Key (eid)=(0) is not present in table "employees". Thu Apr 21 10:03:09 EDT 2022
ERROR ERROR: insert or update on table "expense_records" violates foreign key constraint "fk_employees"
  Detail: Key (eid)=(0) is not present in table "employees". Thu Apr 21 10:03:20 EDT 2022
ERROR ERROR: insert or update on table "expense_records" violates foreign key constraint "fk_employees"
  Detail: Key (eid)=(0) is not present in table "employees". Thu Apr 21 10:04:03 EDT 2022
ERROR ERROR: insert or update on table "expense_records" violates foreign key constraint "fk_employees"
  Detail: Key (eid)=(0) is not present in table "employees". Thu Apr 21 10:04:15 EDT 2022
ERROR ERROR: insert or update on table "expense_records" violates foreign key constraint "fk_employees"
  Detail: Key (eid)=(0) is not present in table "employees". Thu Apr 21 10:04:57 EDT 2022
ERROR ERROR: insert or update on table "expense_records" violates foreign key constraint "fk_employees"
  Detail: Key (eid)=(0) is not present in table "employees". Thu Apr 21 13:53:06 EDT 2022
ERROR ERROR: insert or update on table "expense_records" violates foreign key constraint "fk_employees"
  Detail: Key (eid)=(0) is not present in table "employees". Thu Apr 21 13:56:49 EDT 2022
ERROR ERROR: insert or update on table "expense_records" violates foreign key constraint "fk_employees"
  Detail: Key (eid)=(0) is not present in table "employees". Thu Apr 21 13:57:15 EDT 2022
ERROR ERROR: insert or update on table "expense_records" violates foreign key constraint "fk_employees"
  Detail: Key (eid)=(0) is not present in table "employees". Thu Apr 21 13:57:23 EDT 2022
ERROR ERROR: insert or update on table "expense_records" violates foreign key constraint "fk_employees"
  Detail: Key (eid)=(0) is not present in table "employees". Thu Apr 21 13:58:16 EDT 2022
ERROR ERROR: insert or update on table "expense_records" violates foreign key constraint "fk_employees"
  Detail: Key (eid)=(0) is not present in table "employees". Thu Apr 21 14:04:07 EDT 2022
ERROR ERROR: insert or update on table "expense_records" violates foreign key constraint "fk_employees"
  Detail: Key (eid)=(0) is not present in table "employees". Thu Apr 21 14:08:00 EDT 2022
ERROR ERROR: insert or update on table "expense_records" violates foreign key constraint "fk_employees"
  Detail: Key (eid)=(0) is not present in table "employees". Thu Apr 21 14:09:31 EDT 2022
ERROR ERROR: insert or update on table "expense_records" violates foreign key constraint "fk_employees"
  Detail: Key (eid)=(0) is not present in table "employees". Thu Apr 21 14:09:54 EDT 2022
ERROR ERROR: insert or update on table "expense_records" violates foreign key constraint "fk_employees"
  Detail: Key (eid)=(0) is not present in table "employees". Thu Apr 21 14:10:18 EDT 2022
INFO The employee with eId 13 was created. Thu Apr 21 17:30:37 EDT 2022
INFO The employee information was updated Thu Apr 21 17:32:41 EDT 2022
INFO The employee information was updated Thu Apr 21 17:33:00 EDT 2022
INFO The employee information was updated Thu Apr 21 17:33:24 EDT 2022
INFO The employee information was updated Thu Apr 21 17:33:43 EDT 2022
INFO The employee information was updated Thu Apr 21 17:34:09 EDT 2022
INFO Attempted to delete nonexistant employee with eId 11 Thu Apr 21 17:34:28 EDT 2022
INFO Attempted to delete nonexistant employee with eId 10 Thu Apr 21 17:34:42 EDT 2022
INFO Attempted to delete nonexistant employee with eId 15 Thu Apr 21 17:36:09 EDT 2022
INFO Attempted to delete nonexistant employee with eId 13 Thu Apr 21 17:36:25 EDT 2022
ERROR Cannot update status of recordNo 6 Thu Apr 21 17:43:58 EDT 2022
ERROR Cannot update status of recordNo 29 Thu Apr 21 17:44:23 EDT 2022
INFO The record 29 was updated Thu Apr 21 17:51:19 EDT 2022
ERROR ERROR: insert or update on table "expense_records" violates foreign key constraint "fk_employees"
  Detail: Key (eid)=(0) is not present in table "employees". Fri Apr 22 10:53:27 EDT 2022
ERROR ERROR: insert or update on table "expense_records" violates foreign key constraint "fk_employees"
  Detail: Key (eid)=(0) is not present in table "employees". Fri Apr 22 10:55:49 EDT 2022
ERROR ERROR: insert or update on table "expense_records" violates foreign key constraint "fk_employees"
  Detail: Key (eid)=(0) is not present in table "employees". Fri Apr 22 10:58:34 EDT 2022
ERROR ERROR: insert or update on table "expense_records" violates foreign key constraint "fk_employees"
  Detail: Key (eid)=(0) is not present in table "employees". Fri Apr 22 11:00:02 EDT 2022
INFO The record 29 was updated Fri Apr 22 11:27:14 EDT 2022
INFO The record 34 was updated Fri Apr 22 11:28:06 EDT 2022
INFO The record 34 was updated Fri Apr 22 11:28:25 EDT 2022
ERROR ResultSet not positioned properly, perhaps you need to call next. Fri Apr 22 11:35:33 EDT 2022
ERROR ResultSet not positioned properly, perhaps you need to call next. Fri Apr 22 11:36:47 EDT 2022
INFO The employee with eId 14 was created. Fri Apr 22 12:02:47 EDT 2022
INFO The employee with eId 1 was created. Fri Apr 22 15:03:17 EDT 2022
INFO The employee with eId 2 was created. Fri Apr 22 15:04:01 EDT 2022
INFO The employee with eId 3 was created. Fri Apr 22 15:04:38 EDT 2022
INFO The employee with eId 4 was created. Fri Apr 22 15:05:50 EDT 2022
INFO The employee with eId 5 was created. Mon Apr 25 10:52:21 EDT 2022
ERROR ERROR: insert or update on table "expense_records" violates foreign key constraint "fk_employees"
  Detail: Key (eid)=(1) is not present in table "employees". Mon Apr 25 10:52:36 EDT 2022
INFO The employee with eId 6 was created. Mon Apr 25 10:55:19 EDT 2022
INFO The employee with eId 7 was created. Mon Apr 25 10:56:21 EDT 2022
INFO The employee with eId 1 was created. Mon Apr 25 12:07:24 EDT 2022
ERROR ERROR: relation "expense_records" does not exist
  Position: 15 Tue Apr 26 15:01:38 EDT 2022
ERROR ResultSet not positioned properly, perhaps you need to call next. Tue Apr 26 15:43:01 EDT 2022
ERROR ResultSet not positioned properly, perhaps you need to call next. Tue Apr 26 15:43:57 EDT 2022
ERROR ResultSet not positioned properly, perhaps you need to call next. Tue Apr 26 15:46:28 EDT 2022
ERROR ResultSet not positioned properly, perhaps you need to call next. Tue Apr 26 15:48:31 EDT 2022
ERROR ResultSet not positioned properly, perhaps you need to call next. Tue Apr 26 15:51:20 EDT 2022
ERROR ResultSet not positioned properly, perhaps you need to call next. Tue Apr 26 15:53:07 EDT 2022
ERROR ResultSet not positioned properly, perhaps you need to call next. Tue Apr 26 15:57:22 EDT 2022
ERROR ResultSet not positioned properly, perhaps you need to call next. Tue Apr 26 15:59:14 EDT 2022
ERROR ResultSet not positioned properly, perhaps you need to call next. Tue Apr 26 16:01:35 EDT 2022
ERROR ResultSet not positioned properly, perhaps you need to call next. Tue Apr 26 16:03:02 EDT 2022
INFO The employee with eId 21 was created. Fri Apr 29 10:43:53 EDT 2022
ERROR ResultSet not positioned properly, perhaps you need to call next. Fri Apr 29 10:43:58 EDT 2022
ERROR ResultSet not positioned properly, perhaps you need to call next. Mon May 02 10:52:01 EDT 2022
ERROR ResultSet not positioned properly, perhaps you need to call next. Mon May 02 10:52:06 EDT 2022
